Java HotSpot(TM) 64-Bit Server VM (25.91-b14) for linux-amd64 JRE (1.8.0_91-b14), built on Apr  1 2016 00:57:21 by "java_re" with gcc 4.3.0 20080428 (Red Hat 4.3.0-8)
Memory: 4k page, physical 8101600k(5217588k free), swap 3905532k(2730160k free)
CommandLine flags: -XX:CMSParPromoteBlocksToClaim=16 -XX:InitialHeapSize=5368709120 -XX:InitialTenuringThreshold=6 -XX:MaxHeapSize=5368709120 -XX:MaxNewSize=1789571072 -XX:MaxTenuringThreshold=6 -XX:NewSize=1789571072 -XX:OldPLABSize=16 -XX:OldSize=3579138048 -XX:+PrintGC -XX:+PrintGCDetails -XX:+PrintGCTimeStamps -XX:+UseCompressedClassPointers -XX:+UseCompressedOops -XX:+UseConcMarkSweepGC -XX:+UseParNewGC 
0.525: [GC (Allocation Failure) 0.525: [ParNew: 1398144K->174719K(1572864K), 0.8020901 secs] 1398144K->1344075K(5068160K), 0.8021663 secs] [Times: user=1.63 sys=0.36, real=0.80 secs] 
1.516: [GC (Allocation Failure) 1.516: [ParNew: 1572863K->174720K(1572864K), 1.3618640 secs] 2742219K->2751363K(5068160K), 1.3619599 secs] [Times: user=4.62 sys=0.69, real=1.36 secs] 
2.881: [GC (CMS Initial Mark) [1 CMS-initial-mark: 2576643K(3495296K)] 2806561K(5068160K), 0.0292585 secs] [Times: user=0.10 sys=0.00, real=0.03 secs] 
2.911: [CMS-concurrent-mark-start]
3.554: [CMS-concurrent-mark: 0.643/0.643 secs] [Times: user=1.80 sys=0.04, real=0.65 secs] 
3.554: [CMS-concurrent-preclean-start]
3.558: [CMS-concurrent-preclean: 0.004/0.004 secs] [Times: user=0.01 sys=0.00, real=0.00 secs] 
3.558: [CMS-concurrent-abortable-preclean-start]
5.064: [CMS-concurrent-abortable-preclean: 1.206/1.506 secs] [Times: user=2.37 sys=0.11, real=1.51 secs] 
5.064: [GC (CMS Final Remark) [YG occupancy: 932980 K (1572864 K)]5.064: [Rescan (parallel) , 0.0555320 secs]5.120: [weak refs processing, 0.0000237 secs]5.120: [class unloading, 0.0006139 secs]5.121: [scrub symbol table, 0.0005457 secs]5.121: [scrub string table, 0.0001709 secs][1 CMS-remark: 2576643K(3495296K)] 3509623K(5068160K), 0.0570346 secs] [Times: user=0.42 sys=0.00, real=0.05 secs] 
5.122: [CMS-concurrent-sweep-start]
5.455: [CMS-concurrent-sweep: 0.333/0.333 secs] [Times: user=0.51 sys=0.01, real=0.34 secs] 
5.455: [CMS-concurrent-reset-start]
5.463: [CMS-concurrent-reset: 0.008/0.008 secs] [Times: user=0.01 sys=0.00, real=0.00 secs] 
7.462: [GC (CMS Initial Mark) [1 CMS-initial-mark: 2576279K(3495296K)] 3592421K(5068160K), 0.0523655 secs] [Times: user=0.32 sys=0.01, real=0.06 secs] 
7.515: [CMS-concurrent-mark-start]
8.293: [CMS-concurrent-mark: 0.779/0.779 secs] [Times: user=2.36 sys=0.04, real=0.78 secs] 
8.293: [CMS-concurrent-preclean-start]
8.297: [CMS-concurrent-preclean: 0.004/0.004 secs] [Times: user=0.01 sys=0.00, real=0.00 secs] 
8.297: [CMS-concurrent-abortable-preclean-start]
8.297: [CMS-concurrent-abortable-preclean: 0.000/0.000 secs] [Times: user=0.00 sys=0.00, real=0.00 secs] 
8.333: [GC (CMS Final Remark) [YG occupancy: 1043741 K (1572864 K)]8.333: [Rescan (parallel) , 0.0550990 secs]8.388: [weak refs processing, 0.0000208 secs]8.388: [class unloading, 0.0005554 secs]8.389: [scrub symbol table, 0.0005127 secs]8.389: [scrub string table, 0.0001682 secs][1 CMS-remark: 2576279K(3495296K)] 3620020K(5068160K), 0.0564649 secs] [Times: user=0.43 sys=0.00, real=0.05 secs] 
8.390: [CMS-concurrent-sweep-start]
8.734: [CMS-concurrent-sweep: 0.344/0.344 secs] [Times: user=0.64 sys=0.03, real=0.35 secs] 
8.734: [CMS-concurrent-reset-start]
8.740: [CMS-concurrent-reset: 0.006/0.006 secs] [Times: user=0.01 sys=0.00, real=0.00 secs] 
10.739: [GC (CMS Initial Mark) [1 CMS-initial-mark: 2576278K(3495296K)] 3702818K(5068160K), 0.0527071 secs] [Times: user=0.35 sys=0.00, real=0.06 secs] 
10.792: [CMS-concurrent-mark-start]
11.461: [CMS-concurrent-mark: 0.670/0.670 secs] [Times: user=1.80 sys=0.00, real=0.66 secs] 
11.461: [CMS-concurrent-preclean-start]
11.465: [CMS-concurrent-preclean: 0.004/0.004 secs] [Times: user=0.01 sys=0.00, real=0.01 secs] 
11.465: [CMS-concurrent-abortable-preclean-start]
11.465: [CMS-concurrent-abortable-preclean: 0.000/0.000 secs] [Times: user=0.00 sys=0.00, real=0.00 secs] 
11.465: [GC (CMS Final Remark) [YG occupancy: 1126539 K (1572864 K)]11.465: [Rescan (parallel) , 0.0557927 secs]11.521: [weak refs processing, 0.0000102 secs]11.521: [class unloading, 0.0005407 secs]11.522: [scrub symbol table, 0.0003634 secs]11.522: [scrub string table, 0.0001753 secs][1 CMS-remark: 2576278K(3495296K)] 3702818K(5068160K), 0.0569882 secs] [Times: user=0.43 sys=0.01, real=0.05 secs] 
11.522: [CMS-concurrent-sweep-start]
11.871: [CMS-concurrent-sweep: 0.348/0.348 secs] [Times: user=0.75 sys=0.02, real=0.35 secs] 
11.871: [CMS-concurrent-reset-start]
11.878: [CMS-concurrent-reset: 0.007/0.007 secs] [Times: user=0.02 sys=0.00, real=0.01 secs] 
13.877: [GC (CMS Initial Mark) [1 CMS-initial-mark: 2576278K(3495296K)] 3785616K(5068160K), 0.0579925 secs] [Times: user=0.36 sys=0.00, real=0.06 secs] 
13.935: [CMS-concurrent-mark-start]
14.941: [CMS-concurrent-mark: 1.006/1.006 secs] [Times: user=2.78 sys=0.07, real=1.00 secs] 
14.942: [CMS-concurrent-preclean-start]
14.945: [CMS-concurrent-preclean: 0.004/0.004 secs] [Times: user=0.00 sys=0.00, real=0.01 secs] 
14.945: [CMS-concurrent-abortable-preclean-start]
14.945: [CMS-concurrent-abortable-preclean: 0.000/0.000 secs] [Times: user=0.00 sys=0.00, real=0.00 secs] 
14.945: [GC (CMS Final Remark) [YG occupancy: 1236936 K (1572864 K)]14.945: [Rescan (parallel) , 0.0567560 secs]15.002: [weak refs processing, 0.0000096 secs]15.002: [class unloading, 0.0005106 secs]15.003: [scrub symbol table, 0.0003588 secs]15.003: [scrub string table, 0.0001461 secs][1 CMS-remark: 2576278K(3495296K)] 3813215K(5068160K), 0.0578622 secs] [Times: user=0.45 sys=0.00, real=0.05 secs] 
15.003: [CMS-concurrent-sweep-start]
15.337: [CMS-concurrent-sweep: 0.334/0.334 secs] [Times: user=0.63 sys=0.04, real=0.34 secs] 
15.337: [CMS-concurrent-reset-start]
15.343: [CMS-concurrent-reset: 0.006/0.006 secs] [Times: user=0.01 sys=0.00, real=0.00 secs] 
17.343: [GC (CMS Initial Mark) [1 CMS-initial-mark: 2576278K(3495296K)] 3868414K(5068160K), 0.0579981 secs] [Times: user=0.42 sys=0.01, real=0.06 secs] 
17.401: [CMS-concurrent-mark-start]
18.421: [CMS-concurrent-mark: 1.020/1.020 secs] [Times: user=2.89 sys=0.10, real=1.02 secs] 
18.421: [CMS-concurrent-preclean-start]
18.426: [CMS-concurrent-preclean: 0.006/0.006 secs] [Times: user=0.01 sys=0.00, real=0.01 secs] 
18.427: [CMS-concurrent-abortable-preclean-start]
18.427: [CMS-concurrent-abortable-preclean: 0.000/0.000 secs] [Times: user=0.00 sys=0.00, real=0.00 secs] 
18.427: [GC (CMS Final Remark) [YG occupancy: 1319734 K (1572864 K)]18.427: [Rescan (parallel) , 0.0601998 secs]18.487: [weak refs processing, 0.0000219 secs]18.487: [class unloading, 0.0004815 secs]18.487: [scrub symbol table, 0.0003641 secs]18.488: [scrub string table, 0.0001690 secs][1 CMS-remark: 2576278K(3495296K)] 3896013K(5068160K), 0.0613255 secs] [Times: user=0.48 sys=0.00, real=0.06 secs] 
18.488: [CMS-concurrent-sweep-start]
18.986: [CMS-concurrent-sweep: 0.498/0.498 secs] [Times: user=1.03 sys=0.01, real=0.50 secs] 
18.986: [CMS-concurrent-reset-start]
18.992: [CMS-concurrent-reset: 0.006/0.006 secs] [Times: user=0.01 sys=0.00, real=0.01 secs] 
20.991: [GC (CMS Initial Mark) [1 CMS-initial-mark: 2576278K(3495296K)] 3978811K(5068160K), 0.0636878 secs] [Times: user=0.46 sys=0.01, real=0.07 secs] 
21.055: [CMS-concurrent-mark-start]
22.064: [CMS-concurrent-mark: 1.009/1.009 secs] [Times: user=2.75 sys=0.05, real=1.01 secs] 
22.064: [CMS-concurrent-preclean-start]
22.070: [CMS-concurrent-preclean: 0.006/0.006 secs] [Times: user=0.01 sys=0.01, real=0.00 secs] 
22.070: [CMS-concurrent-abortable-preclean-start]
22.070: [CMS-concurrent-abortable-preclean: 0.000/0.000 secs] [Times: user=0.00 sys=0.00, real=0.00 secs] 
22.070: [GC (CMS Final Remark) [YG occupancy: 1430131 K (1572864 K)]22.070: [Rescan (parallel) , 0.0653895 secs]22.136: [weak refs processing, 0.0000266 secs]22.136: [class unloading, 0.0004899 secs]22.136: [scrub symbol table, 0.0004400 secs]22.137: [scrub string table, 0.0001746 secs][1 CMS-remark: 2576278K(3495296K)] 4006410K(5068160K), 0.0666355 secs] [Times: user=0.49 sys=0.01, real=0.07 secs] 
22.137: [CMS-concurrent-sweep-start]
22.522: [CMS-concurrent-sweep: 0.385/0.385 secs] [Times: user=0.86 sys=0.03, real=0.38 secs] 
22.522: [CMS-concurrent-reset-start]
22.529: [CMS-concurrent-reset: 0.007/0.007 secs] [Times: user=0.01 sys=0.00, real=0.01 secs] 
24.528: [GC (CMS Initial Mark) [1 CMS-initial-mark: 2576278K(3495296K)] 4089208K(5068160K), 0.0712141 secs] [Times: user=0.49 sys=0.00, real=0.07 secs] 
24.599: [CMS-concurrent-mark-start]
25.605: [CMS-concurrent-mark: 1.006/1.006 secs] [Times: user=2.68 sys=0.09, real=1.01 secs] 
25.605: [CMS-concurrent-preclean-start]
25.609: [CMS-concurrent-preclean: 0.004/0.004 secs] [Times: user=0.01 sys=0.00, real=0.00 secs] 
25.609: [CMS-concurrent-abortable-preclean-start]
25.609: [CMS-concurrent-abortable-preclean: 0.000/0.000 secs] [Times: user=0.00 sys=0.00, real=0.00 secs] 
25.617: [GC (CMS Final Remark) [YG occupancy: 1540528 K (1572864 K)]25.617: [Rescan (parallel) , 0.0687216 secs]25.686: [weak refs processing, 0.0000101 secs]25.686: [class unloading, 0.0005816 secs]25.686: [scrub symbol table, 0.0005377 secs]25.687: [scrub string table, 0.0001745 secs][1 CMS-remark: 2576278K(3495296K)] 4116807K(5068160K), 0.0701614 secs] [Times: user=0.52 sys=0.00, real=0.07 secs] 
25.687: [CMS-concurrent-sweep-start]
26.039: [CMS-concurrent-sweep: 0.352/0.352 secs] [Times: user=0.64 sys=0.05, real=0.35 secs] 
26.039: [CMS-concurrent-reset-start]
26.048: [CMS-concurrent-reset: 0.008/0.008 secs] [Times: user=0.02 sys=0.00, real=0.01 secs] 
27.132: [GC (Allocation Failure) 27.132: [ParNew: 1572864K->1572864K(1572864K), 0.0000205 secs]27.132: [CMS: 2576278K->3353522K(3495296K), 2.5363499 secs] 4149142K->3353522K(5068160K), [Metaspace: 5212K->5212K(1056768K)], 2.5364481 secs] [Times: user=2.42 sys=0.13, real=2.53 secs] 
29.669: [GC (CMS Initial Mark) [1 CMS-initial-mark: 3353522K(3495296K)] 3401634K(5068160K), 0.0003158 secs] [Times: user=0.00 sys=0.00, real=0.00 secs] 
29.669: [CMS-concurrent-mark-start]
31.279: [CMS-concurrent-mark: 1.610/1.610 secs] [Times: user=4.56 sys=0.15, real=1.61 secs] 
31.279: [CMS-concurrent-preclean-start]
31.283: [CMS-concurrent-preclean: 0.004/0.004 secs] [Times: user=0.01 sys=0.00, real=0.00 secs] 
31.283: [CMS-concurrent-abortable-preclean-start]
34.247: [CMS-concurrent-abortable-preclean: 0.113/2.964 secs] [Times: user=1.71 sys=0.11, real=2.97 secs] 
34.247: [GC (CMS Final Remark) [YG occupancy: 260601 K (1572864 K)]34.247: [Rescan (parallel) , 0.0079305 secs]34.255: [weak refs processing, 0.0000113 secs]34.255: [class unloading, 0.0023698 secs]34.258: [scrub symbol table, 0.0004564 secs]34.258: [scrub string table, 0.0001597 secs][1 CMS-remark: 3353522K(3495296K)] 3614124K(5068160K), 0.0110015 secs] [Times: user=0.06 sys=0.00, real=0.01 secs] 
34.259: [CMS-concurrent-sweep-start]
Heap
 par new generation   total 1572864K, used 489977K [0x0000000680000000, 0x00000006eaaa0000, 0x00000006eaaa0000)
  eden space 1398144K,  35% used [0x0000000680000000, 0x000000069de7e760, 0x00000006d5560000)
  from space 174720K,   0% used [0x00000006d5560000, 0x00000006d5560000, 0x00000006e0000000)
  to   space 174720K,   0% used [0x00000006e0000000, 0x00000006e0000000, 0x00000006eaaa0000)
 concurrent mark-sweep generation total 3495296K, used 3353522K [0x00000006eaaa0000, 0x00000007c0000000, 0x00000007c0000000)
 Metaspace       used 5231K, capacity 5484K, committed 5632K, reserved 1056768K
  class space    used 619K, capacity 658K, committed 768K, reserved 1048576K
